<?xml version="1.0" encoding="UTF-8"?>
<!-- Generated by org.testng.reporters.JUnitReportReporter -->
<testsuite skipped="0" hostname="DESKTOP-3SH16SJ" name="com.CucumberCraft.TestNGrunners.RunCucumberTests_Smoke" tests="1" failures="0" timestamp="05 Apr 2021 18:40:06 GMT" time="244.656" errors="0">
  <testcase name="Smoke Tests using chrome2 - feature - " time="244.656" classname="com.CucumberCraft.TestNGrunners.RunCucumberTests_Smoke"/>
</testsuite> <!-- com.CucumberCraft.TestNGrunners.RunCucumberTests_Smoke -->
