<?xml version="1.0" encoding="UTF-8"?>
<!-- Generated by org.testng.reporters.JUnitReportReporter -->
<testsuite skipped="0" hostname="DESKTOP-3SH16SJ" name="com.CucumberCraft.TestNGrunners.RunCucumberTests_Smoke" tests="1" failures="0" timestamp="05 Apr 2021 11:01:52 GMT" time="123.422" errors="0">
  <testcase name="Regression Tests of MOVE in iOS Perfecto for iPhone 7 - feature - " time="123.422" classname="com.CucumberCraft.TestNGrunners.RunCucumberTests_Smoke"/>
</testsuite> <!-- com.CucumberCraft.TestNGrunners.RunCucumberTests_Smoke -->
